Added Component: Designator=J1(HDRLP_M_1X8)
Add component. Clean all parameters for all variants
Add component (AddParameter): Name = ""; Value = "http://www.chila.ir"; VariantName = "[No Variations]"
Add component (AddParameter): Name = "MANF"; Value = ""; VariantName = "[No Variations]"
Add component (AddParameter): Name = "MANF_P#"; Value = ""; VariantName = "[No Variations]"
Add component (AddParameter): Name = "VALUE"; Value = "HDRM8"; VariantName = "[No Variations]"
Added Component: Designator=J2(HDRLP_M_1X8)
Add component. Clean all parameters for all variants
Add component (AddParameter): Name = ""; Value = "http://www.chila.ir"; VariantName = "[No Variations]"
Add component (AddParameter): Name = "MANF"; Value = ""; VariantName = "[No Variations]"
Add component (AddParameter): Name = "MANF_P#"; Value = ""; VariantName = "[No Variations]"
Add component (AddParameter): Name = "VALUE"; Value = "HDRM8"; VariantName = "[No Variations]"
Added Component: Designator=J3(HDRLP_M_1X8)
Add component. Clean all parameters for all variants
Add component (AddParameter): Name = ""; Value = "http://www.chila.ir"; VariantName = "[No Variations]"
Add component (AddParameter): Name = "MANF"; Value = ""; VariantName = "[No Variations]"
Add component (AddParameter): Name = "MANF_P#"; Value = ""; VariantName = "[No Variations]"
Add component (AddParameter): Name = "VALUE"; Value = "HDRM8"; VariantName = "[No Variations]"
Added Component: Designator=J4(HDRLP_M_1X6)
Add component. Clean all parameters for all variants
Add component (AddParameter): Name = ""; Value = "http://www.chila.ir"; VariantName = "[No Variations]"
Add component (AddParameter): Name = "MANF"; Value = ""; VariantName = "[No Variations]"
Add component (AddParameter): Name = "MANF_P#"; Value = ""; VariantName = "[No Variations]"
Add component (AddParameter): Name = "VALUE"; Value = "HDRM6"; VariantName = "[No Variations]"
Added Component: Designator=LED1(LED3G)
Add component. Clean all parameters for all variants
Add component (AddParameter): Name = "ComponentLink1Description"; Value = "Datasheet"; VariantName = "[No Variations]"
Add component (AddParameter): Name = "ComponentLink1URL"; Value = "D:\Dropbox\Datasheets\Opto and Illumination\LEDs\SMD LED.pdf"; VariantName = "[No Variations]"
Add component (AddParameter): Name = "Unit Price"; Value = "0.0476"; VariantName = "[No Variations]"
Add component (AddParameter): Name = "Value"; Value = "Green"; VariantName = "[No Variations]"
Added Component: Designator=LED2(LED3G)
Add component. Clean all parameters for all variants
Add component (AddParameter): Name = "ComponentLink1Description"; Value = "Datasheet"; VariantName = "[No Variations]"
Add component (AddParameter): Name = "ComponentLink1URL"; Value = "D:\Dropbox\Datasheets\Opto and Illumination\LEDs\SMD LED.pdf"; VariantName = "[No Variations]"
Add component (AddParameter): Name = "Unit Price"; Value = "0.0476"; VariantName = "[No Variations]"
Add component (AddParameter): Name = "Value"; Value = "Green"; VariantName = "[No Variations]"
Added Component: Designator=LED3(LED3G)
Add component. Clean all parameters for all variants
Add component (AddParameter): Name = "ComponentLink1Description"; Value = "Datasheet"; VariantName = "[No Variations]"
Add component (AddParameter): Name = "ComponentLink1URL"; Value = "D:\Dropbox\Datasheets\Opto and Illumination\LEDs\SMD LED.pdf"; VariantName = "[No Variations]"
Add component (AddParameter): Name = "Unit Price"; Value = "0.0476"; VariantName = "[No Variations]"
Add component (AddParameter): Name = "Value"; Value = "Green"; VariantName = "[No Variations]"
Added Component: Designator=R1(R025W_AX04)
Add component. Clean all parameters for all variants
Add component (AddParameter): Name = "Class"; Value = "Passive"; VariantName = "[No Variations]"
Add component (AddParameter): Name = "Manufacturer"; Value = "Generic Components"; VariantName = "[No Variations]"
Add component (AddParameter): Name = "Published"; Value = "08/06/2000"; VariantName = "[No Variations]"
Add component (AddParameter): Name = "Publisher"; Value = "Altium Hobart Technology Centre"; VariantName = "[No Variations]"
Add component (AddParameter): Name = "SubClass"; Value = "R"; VariantName = "[No Variations]"
Added Component: Designator=R2(R025W_AX04)
Add component. Clean all parameters for all variants
Add component (AddParameter): Name = "Class"; Value = "Passive"; VariantName = "[No Variations]"
Add component (AddParameter): Name = "Manufacturer"; Value = "Generic Components"; VariantName = "[No Variations]"
Add component (AddParameter): Name = "Published"; Value = "08/06/2000"; VariantName = "[No Variations]"
Add component (AddParameter): Name = "Publisher"; Value = "Altium Hobart Technology Centre"; VariantName = "[No Variations]"
Add component (AddParameter): Name = "SubClass"; Value = "R"; VariantName = "[No Variations]"
Added Component: Designator=R3(R025W_AX04)
Add component. Clean all parameters for all variants
Add component (AddParameter): Name = "Class"; Value = "Passive"; VariantName = "[No Variations]"
Add component (AddParameter): Name = "Manufacturer"; Value = "Generic Components"; VariantName = "[No Variations]"
Add component (AddParameter): Name = "Published"; Value = "08/06/2000"; VariantName = "[No Variations]"
Add component (AddParameter): Name = "Publisher"; Value = "Altium Hobart Technology Centre"; VariantName = "[No Variations]"
Add component (AddParameter): Name = "SubClass"; Value = "R"; VariantName = "[No Variations]"
Added Pin To Net: NetName=3V3 Pin=*-1
Added Pin To Net: NetName=3V3 Pin=J2-8
Added Pin To Net: NetName=3V3 Pin=J4-6
Added Net: Name=3V3
Added Pin To Net: NetName=GND Pin=*-24
Added Pin To Net: NetName=GND Pin=J3-1
Added Pin To Net: NetName=GND Pin=J4-1
Added Pin To Net: NetName=GND Pin=LED1-2
Added Pin To Net: NetName=GND Pin=LED2-2
Added Pin To Net: NetName=GND Pin=LED3-2
Added Net: Name=GND
Added Pin To Net: NetName=Net*_2 Pin=*-2
Added Pin To Net: NetName=Net*_2 Pin=J2-7
Added Net: Name=Net*_2
Added Pin To Net: NetName=Net*_3 Pin=*-3
Added Pin To Net: NetName=Net*_3 Pin=J2-6
Added Net: Name=Net*_3
Added Pin To Net: NetName=Net*_7 Pin=*-7
Added Pin To Net: NetName=Net*_7 Pin=J2-2
Added Net: Name=Net*_7
Added Pin To Net: NetName=Net*_11 Pin=*-11
Added Pin To Net: NetName=Net*_11 Pin=J1-6
Added Net: Name=Net*_11
Added Pin To Net: NetName=Net*_12 Pin=*-12
Added Pin To Net: NetName=Net*_12 Pin=J1-5
Added Net: Name=Net*_12
Added Pin To Net: NetName=Net*_15 Pin=*-15
Added Pin To Net: NetName=Net*_15 Pin=J1-2
Added Net: Name=Net*_15
Added Pin To Net: NetName=Net*_16 Pin=*-16
Added Pin To Net: NetName=Net*_16 Pin=J1-1
Added Net: Name=Net*_16
Added Pin To Net: NetName=Net*_17 Pin=*-17
Added Pin To Net: NetName=Net*_17 Pin=J3-8
Added Pin To Net: NetName=Net*_17 Pin=R1-1
Added Net: Name=Net*_17
Added Pin To Net: NetName=Net*_18 Pin=*-18
Added Pin To Net: NetName=Net*_18 Pin=J3-7
Added Net: Name=Net*_18
Added Pin To Net: NetName=Net*_21 Pin=*-21
Added Pin To Net: NetName=Net*_21 Pin=J3-4
Added Net: Name=Net*_21
Added Pin To Net: NetName=Net*_23 Pin=*-23
Added Pin To Net: NetName=Net*_23 Pin=J3-2
Added Net: Name=Net*_23
Added Pin To Net: NetName=NetLED1_1 Pin=LED1-1
Added Pin To Net: NetName=NetLED1_1 Pin=R1-2
Added Net: Name=NetLED1_1
Added Pin To Net: NetName=NetLED2_1 Pin=LED2-1
Added Pin To Net: NetName=NetLED2_1 Pin=R2-2
Added Net: Name=NetLED2_1
Added Pin To Net: NetName=NetLED3_1 Pin=LED3-1
Added Pin To Net: NetName=NetLED3_1 Pin=R3-2
Added Net: Name=NetLED3_1
Added Pin To Net: NetName=OUT1 Pin=*-4
Added Pin To Net: NetName=OUT1 Pin=J2-5
Added Pin To Net: NetName=OUT1 Pin=R3-1
Added Net: Name=OUT1
Added Pin To Net: NetName=OUT2 Pin=*-5
Added Pin To Net: NetName=OUT2 Pin=J2-4
Added Net: Name=OUT2
Added Pin To Net: NetName=OUT3 Pin=*-8
Added Pin To Net: NetName=OUT3 Pin=J2-1
Added Net: Name=OUT3
Added Pin To Net: NetName=OUT4 Pin=*-9
Added Pin To Net: NetName=OUT4 Pin=J1-8
Added Net: Name=OUT4
Added Pin To Net: NetName=OUT5 Pin=*-10
Added Pin To Net: NetName=OUT5 Pin=J1-7
Added Net: Name=OUT5
Added Pin To Net: NetName=OUT6 Pin=*-13
Added Pin To Net: NetName=OUT6 Pin=J1-4
Added Net: Name=OUT6
Added Pin To Net: NetName=OUT7 Pin=*-14
Added Pin To Net: NetName=OUT7 Pin=J1-3
Added Net: Name=OUT7
Added Pin To Net: NetName=PWRC Pin=*-22
Added Pin To Net: NetName=PWRC Pin=J3-3
Added Pin To Net: NetName=PWRC Pin=J4-2
Added Net: Name=PWRC
Added Pin To Net: NetName=RXD Pin=*-20
Added Pin To Net: NetName=RXD Pin=J3-5
Added Pin To Net: NetName=RXD Pin=J4-4
Added Net: Name=RXD
Added Pin To Net: NetName=STAT Pin=*-6
Added Pin To Net: NetName=STAT Pin=J2-3
Added Pin To Net: NetName=STAT Pin=J4-5
Added Pin To Net: NetName=STAT Pin=R2-1
Added Net: Name=STAT
Added Pin To Net: NetName=TXD Pin=*-19
Added Pin To Net: NetName=TXD Pin=J3-6
Added Pin To Net: NetName=TXD Pin=J4-3
Added Net: Name=TXD
Added Member To Class: ClassName=JDY-23 Member=Component J1 HDRM8
Added Member To Class: ClassName=JDY-23 Member=Component J2 HDRM8
Added Member To Class: ClassName=JDY-23 Member=Component J3 HDRM8
Added Member To Class: ClassName=JDY-23 Member=Component J4 HDR1X6
Added Member To Class: ClassName=JDY-23 Member=Component LED1 LED_G_3
Added Member To Class: ClassName=JDY-23 Member=Component LED2 LED_G_3
Added Member To Class: ClassName=JDY-23 Member=Component LED3 LED_G_3
Added Member To Class: ClassName=JDY-23 Member=Component R1 1k
Added Member To Class: ClassName=JDY-23 Member=Component R2 1k
Added Member To Class: ClassName=JDY-23 Member=Component R3 1k
Added Room: Name=JDY-23
